[C:/Users/EGOR/Downloads/тильда копия каток/тильда копия/backblue.gif]
[C:/Users/EGOR/Downloads/тильда копия каток/тильда копия/fade.gif]
[C:/Users/EGOR/Downloads/тильда копия каток/тильда копия/index.html]
[C:/Users/EGOR/Downloads/тильда копия каток/тильда копия/static.tildacdn.com/tild3238-6434-4232-b665-393630396630/62dd85251f18c493dbfb.png]
[C:/Users/EGOR/Downloads/тильда копия каток/тильда копия/static.tildacdn.com/js/jquery-1.10.2.min.js]
[C:/Users/EGOR/Downloads/тильда копия каток/тильда копия/static.tildacdn.com/js/tilda-scripts-2.8.min.js]
[C:/Users/EGOR/Downloads/тильда копия каток/тильда копия/static.tildacdn.com/js/lazyload-1.3.min.js]
[C:/Users/EGOR/Downloads/тильда копия каток/тильда копия/static.tildacdn.com/js/tilda-animation-1.0.min.js]
[C:/Users/EGOR/Downloads/тильда копия каток/тильда копия/static.tildacdn.com/js/tilda-slds-1.4.min.js]
[C:/Users/EGOR/Downloads/тильда копия каток/тильда копия/static.tildacdn.com/js/hammer.min.js]
[C:/Users/EGOR/Downloads/тильда копия каток/тильда копия/static.tildacdn.com/js/tilda-zoom-2.0.min.js]
[C:/Users/EGOR/Downloads/тильда копия каток/тильда копия/static.tildacdn.com/js/tilda-forms-1.0.min.js]
[C:/Users/EGOR/Downloads/тильда копия каток/тильда копия/static.tildacdn.com/js/tilda-map-1.0.min.js]
[C:/Users/EGOR/Downloads/тильда копия каток/тильда копия/static.tildacdn.com/tild3038-3433-4235-a262-366462613334/62dd85251f18c493dbfb.png]
[C:/Users/EGOR/Downloads/тильда копия каток/тильда копия/static.tildacdn.com/tild6537-6534-4636-b435-366466633137/-/resize/20x/cat_CB64B.jpg]
[C:/Users/EGOR/Downloads/тильда копия каток/тильда копия/static.tildacdn.com/tild3262-6162-4439-a363-333733343864/-/resize/20x/2018-10-16_23-19-07.png]
[C:/Users/EGOR/Downloads/тильда копия каток/тильда копия/static.tildacdn.com/tild6333-3839-4534-b462-363230666532/-/resize/20x/s13.jpg]
[C:/Users/EGOR/Downloads/тильда копия каток/тильда копия/static.tildacdn.com/tild3465-3865-4131-b161-636332613335/-/resize/20x/s21.jpg]
[C:/Users/EGOR/Downloads/тильда копия каток/тильда копия/static.tildacdn.com/tild6562-3466-4966-b731-383832326661/-/resize/20x/s8.jpg]
[C:/Users/EGOR/Downloads/тильда копия каток/тильда копия/static.tildacdn.com/tild6434-6236-4363-b934-383635336638/-/resize/20x/s9.jpg]
[C:/Users/EGOR/Downloads/тильда копия каток/тильда копия/static.tildacdn.com/tild6337-3564-4666-b837-616466376562/-/resize/20x/s10.jpg]
[C:/Users/EGOR/Downloads/тильда копия каток/тильда копия/static.tildacdn.com/tild6662-6339-4262-a539-353932376438/-/resize/20x/s11.jpg]
[C:/Users/EGOR/Downloads/тильда копия каток/тильда копия/static.tildacdn.com/tild3537-3065-4236-b831-303334326437/-/resize/20x/s15.jpg]
[C:/Users/EGOR/Downloads/тильда копия каток/тильда копия/static.tildacdn.com/tild3663-3737-4261-b932-633866343039/84c4013e-78a4-4bae-8.png]
[C:/Users/EGOR/Downloads/тильда копия каток/тильда копия/static.tildacdn.com/tild6633-3562-4837-b162-376163623433/-/resize/20x/bomag.jpg]
[C:/Users/EGOR/Downloads/тильда копия каток/тильда копия/static.tildacdn.com/tild6633-3562-4837-b162-376163623433/bomag.jpg]
[C:/Users/EGOR/Downloads/тильда копия каток/тильда копия/static.tildacdn.com/tild3336-3362-4835-b238-386131313761/-/resize/20x/hamm_logo.png]
[C:/Users/EGOR/Downloads/тильда копия каток/тильда копия/static.tildacdn.com/tild3336-3362-4835-b238-386131313761/hamm_logo.png]
[C:/Users/EGOR/Downloads/тильда копия каток/тильда копия/static.tildacdn.com/tild3533-3263-4639-a133-313462356564/-/resize/20x/unnamed.jpg]
[C:/Users/EGOR/Downloads/тильда копия каток/тильда копия/static.tildacdn.com/tild3533-3263-4639-a133-313462356564/unnamed.jpg]
[C:/Users/EGOR/Downloads/тильда копия каток/тильда копия/static.tildacdn.com/tild3035-3035-4638-b264-646639623066/-/resize/20x/logotip-xcmg.png]
[C:/Users/EGOR/Downloads/тильда копия каток/тильда копия/static.tildacdn.com/tild3035-3035-4638-b264-646639623066/logotip-xcmg.png]
[C:/Users/EGOR/Downloads/тильда копия каток/тильда копия/static.tildacdn.com/tild6430-3764-4364-b639-633530626361/-/empty/18_945.png]
[C:/Users/EGOR/Downloads/тильда копия каток/тильда копия/static.tildacdn.com/tild6338-3033-4235-a134-316664316236/-/resize/20x/sk04.jpg]
[C:/Users/EGOR/Downloads/тильда копия каток/тильда копия/static.tildacdn.com/img/tildacopy.png]
[C:/Users/EGOR/Downloads/тильда копия каток/тильда копия/stat.tildacdn.com/js/tildastat-0.2.min.js]
[C:/Users/EGOR/Downloads/тильда копия каток/тильда копия/project875686.tilda.ws/index.html]
[C:/Users/EGOR/Downloads/тильда копия каток/тильда копия/static.tildacdn.com/css/tilda-grid-3.0.min.css]
[C:/Users/EGOR/Downloads/тильда копия каток/тильда копия/tilda.ws/project875686/tilda-blocks-2.1205df.css]
[C:/Users/EGOR/Downloads/тильда копия каток/тильда копия/static.tildacdn.com/css/tilda-animation-1.0.min.css]
[C:/Users/EGOR/Downloads/тильда копия каток/тильда копия/static.tildacdn.com/css/tilda-slds-1.4.min.css]
[C:/Users/EGOR/Downloads/тильда копия каток/тильда копия/static.tildacdn.com/css/tilda-zoom-2.0.min.css]
[C:/Users/EGOR/Downloads/тильда копия каток/тильда копия/tilda.ws/project875686/tilda-blocks-2.705df.js]
